<?xml version="1.0" encoding="UTF-8"?>
<!-- Generated by org.testng.reporters.JUnitXMLReporter -->
<testsuite hostname="lixionggang-PC" name="192.168.56.101:5555" tests="1" failures="1" timestamp="20 Dec 2015 07:16:35 GMT" time="52.388" errors="0">
  <testcase name="signTest" time="11.199" classname="cn.crazy.appium.testcases.LxgTest">
    <failure type="java.lang.AssertionError" message="expected [true] but found [&amp;lt;?xml version=&amp;quot;1.0&amp;quot; encoding=&amp;quot;UTF-8&amp;quot;?&amp;gt;&amp;lt;hierarchy rotation=&amp;quot;0&amp;quot;&amp;gt;&amp;lt;android.widget.FrameLayout index=&amp;quot;0&amp;quot; text=&amp;quot;&amp;quot; class=&amp;quot;android.widget.FrameLayout&amp;quot; package=&amp;quot;com.example.lxg&amp;quot; content-desc=&amp;quot;&amp;quot; checkable=&amp;quot;false&amp;quot; checked=&amp;quot;false&amp;quot; clickable=&amp;quot;false&amp;quot; enabled=&amp;quot;true&amp;quot; focusable=&amp;quot;false&amp;quot; focused=&amp;quot;false&amp;quot; scrollable=&amp;quot;false&amp;quot; long-clickable=&amp;quot;false&amp;quot; password=&amp;quot;false&amp;quot; selected=&amp;quot;false&amp;quot; bounds=&amp;quot;[27,705][1053,1289]&amp;quot; resource-id=&amp;quot;&amp;quot; instance=&amp;quot;0&amp;quot;&amp;gt;&amp;lt;android.widget.FrameLayout index=&amp;quot;0&amp;quot; text=&amp;quot;&amp;quot; class=&amp;quot;android.widget.FrameLayout&amp;quot; package=&amp;quot;com.example.lxg&amp;quot; content-desc=&amp;quot;&amp;quot; checkable=&amp;quot;false&amp;quot; checked=&amp;quot;false&amp;quot; clickable=&amp;quot;false&amp;quot; enabled=&amp;quot;true&amp;quot; focusable=&amp;quot;false&amp;quot; focused=&amp;quot;false&amp;quot; scrollable=&amp;quot;false&amp;quot; long-clickable=&amp;quot;false&amp;quot; password=&amp;quot;false&amp;quot; selected=&amp;quot;false&amp;quot; bounds=&amp;quot;[27,705][1053,1289]&amp;quot; resource-id=&amp;quot;&amp;quot; instance=&amp;quot;1&amp;quot;&amp;gt;&amp;lt;android.widget.FrameLayout index=&amp;quot;0&amp;quot; text=&amp;quot;&amp;quot; class=&amp;quot;android.widget.FrameLayout&amp;quot; package=&amp;quot;com.example.lxg&amp;quot; content-desc=&amp;quot;&amp;quot; checkable=&amp;quot;false&amp;quot; checked=&amp;quot;false&amp;quot; clickable=&amp;quot;false&amp;quot; enabled=&amp;quot;true&amp;quot; focusable=&amp;quot;false&amp;quot; focused=&amp;quot;false&amp;quot; scrollable=&amp;quot;false&amp;quot; long-clickable=&amp;quot;false&amp;quot; password=&amp;quot;false&amp;quot; selected=&amp;quot;false&amp;quot; bounds=&amp;quot;[27,705][1053,1289]&amp;quot; resource-id=&amp;quot;android:id/content&amp;quot; instance=&amp;quot;2&amp;quot;&amp;gt;&amp;lt;android.widget.LinearLayout index=&amp;quot;0&amp;quot; text=&amp;quot;&amp;quot; class=&amp;quot;android.widget.LinearLayout&amp;quot; package=&amp;quot;com.example.lxg&amp;quot; content-desc=&amp;quot;&amp;quot; checkable=&amp;quot;false&amp;quot; checked=&amp;quot;false&amp;quot; clickable=&amp;quot;false&amp;quot; enabled=&amp;quot;true&amp;quot; focusable=&amp;quot;false&amp;quot; focused=&amp;quot;false&amp;quot; scrollable=&amp;quot;false&amp;quot; long-clickable=&amp;quot;false&amp;quot; password=&amp;quot;false&amp;quot; selected=&amp;quot;false&amp;quot; bounds=&amp;quot;[51,705][1029,1289]&amp;quot; resource-id=&amp;quot;android:id/parentPanel&amp;quot; instance=&amp;quot;0&amp;quot;&amp;gt;&amp;lt;android.widget.LinearLayout index=&amp;quot;0&amp;quot; text=&amp;quot;&amp;quot; class=&amp;quot;android.widget.LinearLayout&amp;quot; package=&amp;quot;com.example.lxg&amp;quot; content-desc=&amp;quot;&amp;quot; checkable=&amp;quot;false&amp;quot; checked=&amp;quot;false&amp;quot; clickable=&amp;quot;false&amp;quot; enabled=&amp;quot;true&amp;quot; focusable=&amp;quot;false&amp;quot; focused=&amp;quot;false&amp;quot; scrollable=&amp;quot;false&amp;quot; long-clickable=&amp;quot;false&amp;quot; password=&amp;quot;false&amp;quot; selected=&amp;quot;false&amp;quot; bounds=&amp;quot;[51,705][1029,927]&amp;quot; resource-id=&amp;quot;android:id/topPanel&amp;quot; instance=&amp;quot;1&amp;quot;&amp;gt;&amp;lt;android.widget.LinearLayout index=&amp;quot;0&amp;quot; text=&amp;quot;&amp;quot; class=&amp;quot;android.widget.LinearLayout&amp;quot; package=&amp;quot;com.example.lxg&amp;quot; content-desc=&amp;quot;&amp;quot; checkable=&amp;quot;false&amp;quot; checked=&amp;quot;false&amp;quot; clickable=&amp;quot;false&amp;quot; enabled=&amp;quot;true&amp;quot; focusable=&amp;quot;false&amp;quot; focused=&amp;quot;false&amp;quot; scrollable=&amp;quot;false&amp;quot; long-clickable=&amp;quot;false&amp;quot; password=&amp;quot;false&amp;quot; selected=&amp;quot;false&amp;quot; bounds=&amp;quot;[123,729][957,921]&amp;quot; resource-id=&amp;quot;android:id/title_template&amp;quot; instance=&amp;quot;2&amp;quot;&amp;gt;&amp;lt;android.widget.TextView index=&amp;quot;0&amp;quot; text=&amp;quot;����&amp;quot; class=&amp;quot;android.widget.TextView&amp;quot; package=&amp;quot;com.example.lxg&amp;quot; content-desc=&amp;quot;&amp;quot; checkable=&amp;quot;false&amp;quot; checked=&amp;quot;false&amp;quot; clickable=&amp;quot;false&amp;quot; enabled=&amp;quot;true&amp;quot; focusable=&amp;quot;false&amp;quot; focused=&amp;quot;false&amp;quot; scrollable=&amp;quot;false&amp;quot; long-clickable=&amp;quot;false&amp;quot; password=&amp;quot;false&amp;quot; selected=&amp;quot;false&amp;quot; bounds=&amp;quot;[123,781][957,869]&amp;quot; resource-id=&amp;quot;android:id/alertTitle&amp;quot; instance=&amp;quot;0&amp;quot;/&amp;gt;&amp;lt;/android.widget.LinearLayout&amp;gt;&amp;lt;android.view.View index=&amp;quot;1&amp;quot; text=&amp;quot;&amp;quot; class=&amp;quot;android.view.View&amp;quot; package=&amp;quot;com.example.lxg&amp;quot; content-desc=&amp;quot;&amp;quot; checkable=&amp;quot;false&amp;quot; checked=&amp;quot;false&amp;quot; clickable=&amp;quot;false&amp;quot; enabled=&amp;quot;true&amp;quot; focusable=&amp;quot;false&amp;quot; focused=&amp;quot;false&amp;quot; scrollable=&amp;quot;false&amp;quot; long-clickable=&amp;quot;false&amp;quot; password=&amp;quot;false&amp;quot; selected=&amp;quot;false&amp;quot; bounds=&amp;quot;[75,921][1005,927]&amp;quot; resource-id=&amp;quot;android:id/titleDivider&amp;quot; instance=&amp;quot;0&amp;quot;/&amp;gt;&amp;lt;/android.widget.LinearLayout&amp;gt;&amp;lt;android.widget.LinearLayout index=&amp;quot;1&amp;quot; text=&amp;quot;&amp;quot; class=&amp;quot;android.widget.LinearLayout&amp;quot; package=&amp;quot;com.example.lxg&amp;quot; content-desc=&amp;quot;&amp;quot; checkable=&amp;quot;false&amp;quot; checked=&amp;quot;false&amp;quot; clickable=&amp;quot;false&amp;quot; enabled=&amp;quot;true&amp;quot; focusable=&amp;quot;false&amp;quot; focused=&amp;quot;false&amp;quot; scrollable=&amp;quot;false&amp;quot; long-clickable=&amp;quot;false&amp;quot; password=&amp;quot;false&amp;quot; selected=&amp;quot;false&amp;quot; bounds=&amp;quot;[51,927][1029,1119]&amp;quot; resource-id=&amp;quot;android:id/contentPanel&amp;quot; instance=&amp;quot;3&amp;quot;&amp;gt;&amp;lt;android.widget.ScrollView index=&amp;quot;0&amp;quot; text=&amp;quot;&amp;quot; class=&amp;quot;android.widget.ScrollView&amp;quot; package=&amp;quot;com.example.lxg&amp;quot; content-desc=&amp;quot;&amp;quot; checkable=&amp;quot;false&amp;quot; checked=&amp;quot;false&amp;quot; clickable=&amp;quot;false&amp;quot; enabled=&amp;quot;true&amp;quot; focusable=&amp;quot;false&amp;quot; focused=&amp;quot;false&amp;quot; scrollable=&amp;quot;false&amp;quot; long-clickable=&amp;quot;false&amp;quot; password=&amp;quot;false&amp;quot; selected=&amp;quot;false&amp;quot; bounds=&amp;quot;[75,927][1005,1048]&amp;quot; resource-id=&amp;quot;android:id/scrollView&amp;quot; instance=&amp;quot;0&amp;quot;&amp;gt;&amp;lt;android.widget.TextView index=&amp;quot;0&amp;quot; text=&amp;quot;ǩ���ɹ�&amp;quot; class=&amp;quot;android.widget.TextView&amp;quot; package=&amp;quot;com.example.lxg&amp;quot; content-desc=&amp;quot;&amp;quot; checkable=&amp;quot;false&amp;quot; checked=&amp;quot;false&amp;quot; clickable=&amp;quot;false&amp;quot; enabled=&amp;quot;true&amp;quot; focusable=&amp;quot;false&amp;quot; focused=&amp;quot;false&amp;quot; scrollable=&amp;quot;false&amp;quot; long-clickable=&amp;quot;false&amp;quot; password=&amp;quot;false&amp;quot; selected=&amp;quot;false&amp;quot; bounds=&amp;quot;[75,927][1005,1048]&amp;quot; resource-id=&amp;quot;android:id/message&amp;quot; instance=&amp;quot;1&amp;quot;/&amp;gt;&amp;lt;/android.widget.ScrollView&amp;gt;&amp;lt;/android.widget.LinearLayout&amp;gt;&amp;lt;android.widget.LinearLayout index=&amp;quot;2&amp;quot; text=&amp;quot;&amp;quot; class=&amp;quot;android.widget.LinearLayout&amp;quot; package=&amp;quot;com.example.lxg&amp;quot; content-desc=&amp;quot;&amp;quot; checkable=&amp;quot;false&amp;quot; checked=&amp;quot;false&amp;quot; clickable=&amp;quot;false&amp;quot; enabled=&amp;quot;true&amp;quot; focusable=&amp;quot;false&amp;quot; focused=&amp;quot;false&amp;quot; scrollable=&amp;quot;false&amp;quot; long-clickable=&amp;quot;false&amp;quot; password=&amp;quot;false&amp;quot; selected=&amp;quot;false&amp;quot; bounds=&amp;quot;[51,1119][1029,1289]&amp;quot; resource-id=&amp;quot;android:id/buttonPanel&amp;quot; instance=&amp;quot;4&amp;quot;&amp;gt;&amp;lt;android.widget.LinearLayout index=&amp;quot;0&amp;quot; text=&amp;quot;&amp;quot; class=&amp;quot;android.widget.LinearLayout&amp;quot; package=&amp;quot;com.example.lxg&amp;quot; content-desc=&amp;quot;&amp;quot; checkable=&amp;quot;false&amp;quot; checked=&amp;quot;false&amp;quot; clickable=&amp;quot;false&amp;quot; enabled=&amp;quot;true&amp;quot; focusable=&amp;quot;false&amp;quot; focused=&amp;quot;false&amp;quot; scrollable=&amp;quot;false&amp;quot; long-clickable=&amp;quot;false&amp;quot; password=&amp;quot;false&amp;quot; selected=&amp;quot;false&amp;quot; bounds=&amp;quot;[75,1121][1005,1265]&amp;quot; resource-id=&amp;quot;&amp;quot; instance=&amp;quot;5&amp;quot;&amp;gt;&amp;lt;android.widget.Button index=&amp;quot;0&amp;quot; text=&amp;quot;ȷ��&amp;quot; class=&amp;quot;android.widget.Button&amp;quot; package=&amp;quot;com.example.lxg&amp;quot; content-desc=&amp;quot;&amp;quot; checkable=&amp;quot;false&amp;quot; checked=&amp;quot;false&amp;quot; clickable=&amp;quot;true&amp;quot; enabled=&amp;quot;true&amp;quot; focusable=&amp;quot;true&amp;quot; focused=&amp;quot;false&amp;quot; scrollable=&amp;quot;false&amp;quot; long-clickable=&amp;quot;false&amp;quot; password=&amp;quot;false&amp;quot; selected=&amp;quot;false&amp;quot; bounds=&amp;quot;[75,1121][1005,1265]&amp;quot; resource-id=&amp;quot;android:id/button1&amp;quot; instance=&amp;quot;0&amp;quot;/&amp;gt;&amp;lt;/android.widget.LinearLayout&amp;gt;&amp;lt;/android.widget.LinearLayout&amp;gt;&amp;lt;/android.widget.LinearLayout&amp;gt;&amp;lt;/android.widget.FrameLayout&amp;gt;&amp;lt;/android.widget.FrameLayout&amp;gt;&amp;lt;/android.widget.FrameLayout&amp;gt;&amp;lt;/hierarchy&amp;gt;签到成功]">
      <![CDATA[java.lang.AssertionError: expected [true] but found [<?xml version="1.0" encoding="UTF-8"?><hierarchy rotation="0"><android.widget.FrameLayout index="0" text="" class="android.widget.FrameLayout" package="com.example.lxg" content-desc="" checkable="false" checked="false" clickable="false" enabled="true" focusable="false" focused="false" scrollable="false" long-clickable="false" password="false" selected="false" bounds="[27,705][1053,1289]" resource-id="" instance="0"><android.widget.FrameLayout index="0" text="" class="android.widget.FrameLayout" package="com.example.lxg" content-desc="" checkable="false" checked="false" clickable="false" enabled="true" focusable="false" focused="false" scrollable="false" long-clickable="false" password="false" selected="false" bounds="[27,705][1053,1289]" resource-id="" instance="1"><android.widget.FrameLayout index="0" text="" class="android.widget.FrameLayout" package="com.example.lxg" content-desc="" checkable="false" checked="false" clickable="false" enabled="true" focusable="false" focused="false" scrollable="false" long-clickable="false" password="false" selected="false" bounds="[27,705][1053,1289]" resource-id="android:id/content" instance="2"><android.widget.LinearLayout index="0" text="" class="android.widget.LinearLayout" package="com.example.lxg" content-desc="" checkable="false" checked="false" clickable="false" enabled="true" focusable="false" focused="false" scrollable="false" long-clickable="false" password="false" selected="false" bounds="[51,705][1029,1289]" resource-id="android:id/parentPanel" instance="0"><android.widget.LinearLayout index="0" text="" class="android.widget.LinearLayout" package="com.example.lxg" content-desc="" checkable="false" checked="false" clickable="false" enabled="true" focusable="false" focused="false" scrollable="false" long-clickable="false" password="false" selected="false" bounds="[51,705][1029,927]" resource-id="android:id/topPanel" instance="1"><android.widget.LinearLayout index="0" text="" class="android.widget.LinearLayout" package="com.example.lxg" content-desc="" checkable="false" checked="false" clickable="false" enabled="true" focusable="false" focused="false" scrollable="false" long-clickable="false" password="false" selected="false" bounds="[123,729][957,921]" resource-id="android:id/title_template" instance="2"><android.widget.TextView index="0" text="����" class="android.widget.TextView" package="com.example.lxg" content-desc="" checkable="false" checked="false" clickable="false" enabled="true" focusable="false" focused="false" scrollable="false" long-clickable="false" password="false" selected="false" bounds="[123,781][957,869]" resource-id="android:id/alertTitle" instance="0"/></android.widget.LinearLayout><android.view.View index="1" text="" class="android.view.View" package="com.example.lxg" content-desc="" checkable="false" checked="false" clickable="false" enabled="true" focusable="false" focused="false" scrollable="false" long-clickable="false" password="false" selected="false" bounds="[75,921][1005,927]" resource-id="android:id/titleDivider" instance="0"/></android.widget.LinearLayout><android.widget.LinearLayout index="1" text="" class="android.widget.LinearLayout" package="com.example.lxg" content-desc="" checkable="false" checked="false" clickable="false" enabled="true" focusable="false" focused="false" scrollable="false" long-clickable="false" password="false" selected="false" bounds="[51,927][1029,1119]" resource-id="android:id/contentPanel" instance="3"><android.widget.ScrollView index="0" text="" class="android.widget.ScrollView" package="com.example.lxg" content-desc="" checkable="false" checked="false" clickable="false" enabled="true" focusable="false" focused="false" scrollable="false" long-clickable="false" password="false" selected="false" bounds="[75,927][1005,1048]" resource-id="android:id/scrollView" instance="0"><android.widget.TextView index="0" text="ǩ���ɹ�" class="android.widget.TextView" package="com.example.lxg" content-desc="" checkable="false" checked="false" clickable="false" enabled="true" focusable="false" focused="false" scrollable="false" long-clickable="false" password="false" selected="false" bounds="[75,927][1005,1048]" resource-id="android:id/message" instance="1"/></android.widget.ScrollView></android.widget.LinearLayout><android.widget.LinearLayout index="2" text="" class="android.widget.LinearLayout" package="com.example.lxg" content-desc="" checkable="false" checked="false" clickable="false" enabled="true" focusable="false" focused="false" scrollable="false" long-clickable="false" password="false" selected="false" bounds="[51,1119][1029,1289]" resource-id="android:id/buttonPanel" instance="4"><android.widget.LinearLayout index="0" text="" class="android.widget.LinearLayout" package="com.example.lxg" content-desc="" checkable="false" checked="false" clickable="false" enabled="true" focusable="false" focused="false" scrollable="false" long-clickable="false" password="false" selected="false" bounds="[75,1121][1005,1265]" resource-id="" instance="5"><android.widget.Button index="0" text="ȷ��" class="android.widget.Button" package="com.example.lxg" content-desc="" checkable="false" checked="false" clickable="true" enabled="true" focusable="true" focused="false" scrollable="false" long-clickable="false" password="false" selected="false" bounds="[75,1121][1005,1265]" resource-id="android:id/button1" instance="0"/></android.widget.LinearLayout></android.widget.LinearLayout></android.widget.LinearLayout></android.widget.FrameLayout></android.widget.FrameLayout></android.widget.FrameLayout></hierarchy>签到成功]
	at cn.crazy.appium.testcases.LxgTest.signTest(LxgTest.java:18)
	at java.util.concurrent.FutureTask.run(FutureTask.java:266)
	at java.util.concurrent.ThreadPoolExecutor.runWorker(ThreadPoolExecutor.java:1142)
	at java.util.concurrent.ThreadPoolExecutor$Worker.run(ThreadPoolExecutor.java:617)
	at java.lang.Thread.run(Thread.java:745)
... Removed 20 stack frames]]>
    </failure>
  </testcase> <!-- signTest -->
</testsuite> <!-- 192.168.56.101:5555 -->
