<?xml version="1.0" encoding="UTF-8"?>
<testng-results skipped="0" failed="1" total="1" passed="0">
  <reporter-output>
  </reporter-output>
  <suite name="Suite" duration-ms="52388" started-at="2015-12-20T07:15:42Z" finished-at="2015-12-20T07:16:35Z">
    <groups>
    </groups>
    <test name="192.168.56.101:5555" duration-ms="52388" started-at="2015-12-20T07:15:42Z" finished-at="2015-12-20T07:16:35Z">
      <class name="cn.crazy.appium.testcases.LxgTest">
        <test-method status="PASS" signature="beforeSuite()[pri:0, instance:cn.crazy.appium.testcases.LxgTest@20e2cbe0]" name="beforeSuite" is-config="true" duration-ms="13063" started-at="2015-12-20T15:15:29Z" finished-at="2015-12-20T15:15:42Z">
          <reporter-output>
          </reporter-output>
        </test-method> <!-- beforeSuite -->
        <test-method status="PASS" signature="beforeTest(java.lang.String, java.lang.String)[pri:0, instance:cn.crazy.appium.testcases.LxgTest@20e2cbe0]" name="beforeTest" is-config="true" duration-ms="29513" started-at="2015-12-20T15:15:42Z" finished-at="2015-12-20T15:16:12Z">
          <params>
            <param index="0">
              <value>
                <![CDATA[192.168.56.101:5555]]>
              </value>
            </param>
            <param index="1">
              <value>
                <![CDATA[4490]]>
              </value>
            </param>
          </params>
          <reporter-output>
          </reporter-output>
        </test-method> <!-- beforeTest -->
        <test-method status="FAIL" signature="signTest()[pri:0, instance:cn.crazy.appium.testcases.LxgTest@20e2cbe0]" name="signTest" duration-ms="11199" started-at="2015-12-20T15:16:12Z" finished-at="2015-12-20T15:16:23Z">
          <exception class="java.lang.AssertionError">
            <message>
              <![CDATA[expected [true] but found [<?xml version="1.0" encoding="UTF-8"?><hierarchy rotation="0"><android.widget.FrameLayout index="0" text="" class="android.widget.FrameLayout" package="com.example.lxg" content-desc="" checkable="false" checked="false" clickable="false" enabled="true" focusable="false" focused="false" scrollable="false" long-clickable="false" password="false" selected="false" bounds="[27,705][1053,1289]" resource-id="" instance="0"><android.widget.FrameLayout index="0" text="" class="android.widget.FrameLayout" package="com.example.lxg" content-desc="" checkable="false" checked="false" clickable="false" enabled="true" focusable="false" focused="false" scrollable="false" long-clickable="false" password="false" selected="false" bounds="[27,705][1053,1289]" resource-id="" instance="1"><android.widget.FrameLayout index="0" text="" class="android.widget.FrameLayout" package="com.example.lxg" content-desc="" checkable="false" checked="false" clickable="false" enabled="true" focusable="false" focused="false" scrollable="false" long-clickable="false" password="false" selected="false" bounds="[27,705][1053,1289]" resource-id="android:id/content" instance="2"><android.widget.LinearLayout index="0" text="" class="android.widget.LinearLayout" package="com.example.lxg" content-desc="" checkable="false" checked="false" clickable="false" enabled="true" focusable="false" focused="false" scrollable="false" long-clickable="false" password="false" selected="false" bounds="[51,705][1029,1289]" resource-id="android:id/parentPanel" instance="0"><android.widget.LinearLayout index="0" text="" class="android.widget.LinearLayout" package="com.example.lxg" content-desc="" checkable="false" checked="false" clickable="false" enabled="true" focusable="false" focused="false" scrollable="false" long-clickable="false" password="false" selected="false" bounds="[51,705][1029,927]" resource-id="android:id/topPanel" instance="1"><android.widget.LinearLayout index="0" text="" class="android.widget.LinearLayout" package="com.example.lxg" content-desc="" checkable="false" checked="false" clickable="false" enabled="true" focusable="false" focused="false" scrollable="false" long-clickable="false" password="false" selected="false" bounds="[123,729][957,921]" resource-id="android:id/title_template" instance="2"><android.widget.TextView index="0" text="????" class="android.widget.TextView" package="com.example.lxg" content-desc="" checkable="false" checked="false" clickable="false" enabled="true" focusable="false" focused="false" scrollable="false" long-clickable="false" password="false" selected="false" bounds="[123,781][957,869]" resource-id="android:id/alertTitle" instance="0"/></android.widget.LinearLayout><android.view.View index="1" text="" class="android.view.View" package="com.example.lxg" content-desc="" checkable="false" checked="false" clickable="false" enabled="true" focusable="false" focused="false" scrollable="false" long-clickable="false" password="false" selected="false" bounds="[75,921][1005,927]" resource-id="android:id/titleDivider" instance="0"/></android.widget.LinearLayout><android.widget.LinearLayout index="1" text="" class="android.widget.LinearLayout" package="com.example.lxg" content-desc="" checkable="false" checked="false" clickable="false" enabled="true" focusable="false" focused="false" scrollable="false" long-clickable="false" password="false" selected="false" bounds="[51,927][1029,1119]" resource-id="android:id/contentPanel" instance="3"><android.widget.ScrollView index="0" text="" class="android.widget.ScrollView" package="com.example.lxg" content-desc="" checkable="false" checked="false" clickable="false" enabled="true" focusable="false" focused="false" scrollable="false" long-clickable="false" password="false" selected="false" bounds="[75,927][1005,1048]" resource-id="android:id/scrollView" instance="0"><android.widget.TextView index="0" text="??????" class="android.widget.TextView" package="com.example.lxg" content-desc="" checkable="false" checked="false" clickable="false" enabled="true" focusable="false" focused="false" scrollable="false" long-clickable="false" password="false" selected="false" bounds="[75,927][1005,1048]" resource-id="android:id/message" instance="1"/></android.widget.ScrollView></android.widget.LinearLayout><android.widget.LinearLayout index="2" text="" class="android.widget.LinearLayout" package="com.example.lxg" content-desc="" checkable="false" checked="false" clickable="false" enabled="true" focusable="false" focused="false" scrollable="false" long-clickable="false" password="false" selected="false" bounds="[51,1119][1029,1289]" resource-id="android:id/buttonPanel" instance="4"><android.widget.LinearLayout index="0" text="" class="android.widget.LinearLayout" package="com.example.lxg" content-desc="" checkable="false" checked="false" clickable="false" enabled="true" focusable="false" focused="false" scrollable="false" long-clickable="false" password="false" selected="false" bounds="[75,1121][1005,1265]" resource-id="" instance="5"><android.widget.Button index="0" text="???" class="android.widget.Button" package="com.example.lxg" content-desc="" checkable="false" checked="false" clickable="true" enabled="true" focusable="true" focused="false" scrollable="false" long-clickable="false" password="false" selected="false" bounds="[75,1121][1005,1265]" resource-id="android:id/button1" instance="0"/></android.widget.LinearLayout></android.widget.LinearLayout></android.widget.LinearLayout></android.widget.FrameLayout></android.widget.FrameLayout></android.widget.FrameLayout></hierarchy>签到成功]]]>
            </message>
            <full-stacktrace>
              <![CDATA[java.lang.AssertionError: expected [true] but found [<?xml version="1.0" encoding="UTF-8"?><hierarchy rotation="0"><android.widget.FrameLayout index="0" text="" class="android.widget.FrameLayout" package="com.example.lxg" content-desc="" checkable="false" checked="false" clickable="false" enabled="true" focusable="false" focused="false" scrollable="false" long-clickable="false" password="false" selected="false" bounds="[27,705][1053,1289]" resource-id="" instance="0"><android.widget.FrameLayout index="0" text="" class="android.widget.FrameLayout" package="com.example.lxg" content-desc="" checkable="false" checked="false" clickable="false" enabled="true" focusable="false" focused="false" scrollable="false" long-clickable="false" password="false" selected="false" bounds="[27,705][1053,1289]" resource-id="" instance="1"><android.widget.FrameLayout index="0" text="" class="android.widget.FrameLayout" package="com.example.lxg" content-desc="" checkable="false" checked="false" clickable="false" enabled="true" focusable="false" focused="false" scrollable="false" long-clickable="false" password="false" selected="false" bounds="[27,705][1053,1289]" resource-id="android:id/content" instance="2"><android.widget.LinearLayout index="0" text="" class="android.widget.LinearLayout" package="com.example.lxg" content-desc="" checkable="false" checked="false" clickable="false" enabled="true" focusable="false" focused="false" scrollable="false" long-clickable="false" password="false" selected="false" bounds="[51,705][1029,1289]" resource-id="android:id/parentPanel" instance="0"><android.widget.LinearLayout index="0" text="" class="android.widget.LinearLayout" package="com.example.lxg" content-desc="" checkable="false" checked="false" clickable="false" enabled="true" focusable="false" focused="false" scrollable="false" long-clickable="false" password="false" selected="false" bounds="[51,705][1029,927]" resource-id="android:id/topPanel" instance="1"><android.widget.LinearLayout index="0" text="" class="android.widget.LinearLayout" package="com.example.lxg" content-desc="" checkable="false" checked="false" clickable="false" enabled="true" focusable="false" focused="false" scrollable="false" long-clickable="false" password="false" selected="false" bounds="[123,729][957,921]" resource-id="android:id/title_template" instance="2"><android.widget.TextView index="0" text="????" class="android.widget.TextView" package="com.example.lxg" content-desc="" checkable="false" checked="false" clickable="false" enabled="true" focusable="false" focused="false" scrollable="false" long-clickable="false" password="false" selected="false" bounds="[123,781][957,869]" resource-id="android:id/alertTitle" instance="0"/></android.widget.LinearLayout><android.view.View index="1" text="" class="android.view.View" package="com.example.lxg" content-desc="" checkable="false" checked="false" clickable="false" enabled="true" focusable="false" focused="false" scrollable="false" long-clickable="false" password="false" selected="false" bounds="[75,921][1005,927]" resource-id="android:id/titleDivider" instance="0"/></android.widget.LinearLayout><android.widget.LinearLayout index="1" text="" class="android.widget.LinearLayout" package="com.example.lxg" content-desc="" checkable="false" checked="false" clickable="false" enabled="true" focusable="false" focused="false" scrollable="false" long-clickable="false" password="false" selected="false" bounds="[51,927][1029,1119]" resource-id="android:id/contentPanel" instance="3"><android.widget.ScrollView index="0" text="" class="android.widget.ScrollView" package="com.example.lxg" content-desc="" checkable="false" checked="false" clickable="false" enabled="true" focusable="false" focused="false" scrollable="false" long-clickable="false" password="false" selected="false" bounds="[75,927][1005,1048]" resource-id="android:id/scrollView" instance="0"><android.widget.TextView index="0" text="??????" class="android.widget.TextView" package="com.example.lxg" content-desc="" checkable="false" checked="false" clickable="false" enabled="true" focusable="false" focused="false" scrollable="false" long-clickable="false" password="false" selected="false" bounds="[75,927][1005,1048]" resource-id="android:id/message" instance="1"/></android.widget.ScrollView></android.widget.LinearLayout><android.widget.LinearLayout index="2" text="" class="android.widget.LinearLayout" package="com.example.lxg" content-desc="" checkable="false" checked="false" clickable="false" enabled="true" focusable="false" focused="false" scrollable="false" long-clickable="false" password="false" selected="false" bounds="[51,1119][1029,1289]" resource-id="android:id/buttonPanel" instance="4"><android.widget.LinearLayout index="0" text="" class="android.widget.LinearLayout" package="com.example.lxg" content-desc="" checkable="false" checked="false" clickable="false" enabled="true" focusable="false" focused="false" scrollable="false" long-clickable="false" password="false" selected="false" bounds="[75,1121][1005,1265]" resource-id="" instance="5"><android.widget.Button index="0" text="???" class="android.widget.Button" package="com.example.lxg" content-desc="" checkable="false" checked="false" clickable="true" enabled="true" focusable="true" focused="false" scrollable="false" long-clickable="false" password="false" selected="false" bounds="[75,1121][1005,1265]" resource-id="android:id/button1" instance="0"/></android.widget.LinearLayout></android.widget.LinearLayout></android.widget.LinearLayout></android.widget.FrameLayout></android.widget.FrameLayout></android.widget.FrameLayout></hierarchy>签到成功]
	at org.testng.Assert.fail(Assert.java:94)
	at org.testng.Assert.failNotEquals(Assert.java:494)
	at org.testng.Assert.assertEquals(Assert.java:123)
	at org.testng.Assert.assertEquals(Assert.java:165)
	at cn.crazy.appium.testcases.LxgTest.signTest(LxgTest.java:18)
	at sun.reflect.NativeMethodAccessorImpl.invoke0(Native Method)
	at sun.reflect.NativeMethodAccessorImpl.invoke(NativeMethodAccessorImpl.java:62)
	at sun.reflect.DelegatingMethodAccessorImpl.invoke(DelegatingMethodAccessorImpl.java:43)
	at java.lang.reflect.Method.invoke(Method.java:483)
	at org.testng.internal.MethodInvocationHelper.invokeMethod(MethodInvocationHelper.java:85)
	at org.testng.internal.Invoker.invokeMethod(Invoker.java:696)
	at org.testng.internal.Invoker.invokeTestMethod(Invoker.java:882)
	at org.testng.internal.Invoker.invokeTestMethods(Invoker.java:1189)
	at org.testng.internal.TestMethodWorker.invokeTestMethods(TestMethodWorker.java:124)
	at org.testng.internal.TestMethodWorker.run(TestMethodWorker.java:108)
	at org.testng.TestRunner.privateRun(TestRunner.java:767)
	at org.testng.TestRunner.run(TestRunner.java:617)
	at org.testng.SuiteRunner.runTest(SuiteRunner.java:348)
	at org.testng.SuiteRunner.access$000(SuiteRunner.java:38)
	at org.testng.SuiteRunner$SuiteWorker.run(SuiteRunner.java:382)
	at org.testng.internal.thread.ThreadUtil$2.call(ThreadUtil.java:64)
	at java.util.concurrent.FutureTask.run(FutureTask.java:266)
	at java.util.concurrent.ThreadPoolExecutor.runWorker(ThreadPoolExecutor.java:1142)
	at java.util.concurrent.ThreadPoolExecutor$Worker.run(ThreadPoolExecutor.java:617)
	at java.lang.Thread.run(Thread.java:745)
]]>
            </full-stacktrace>
          </exception> <!-- java.lang.AssertionError -->
          <reporter-output>
          </reporter-output>
        </test-method> <!-- signTest -->
        <test-method status="PASS" signature="afterTest()[pri:0, instance:cn.crazy.appium.testcases.LxgTest@20e2cbe0]" name="afterTest" is-config="true" duration-ms="11641" started-at="2015-12-20T15:16:23Z" finished-at="2015-12-20T15:16:35Z">
          <reporter-output>
          </reporter-output>
        </test-method> <!-- afterTest -->
      </class> <!-- cn.crazy.appium.testcases.LxgTest -->
    </test> <!-- 192.168.56.101:5555 -->
  </suite> <!-- Suite -->
</testng-results>
