-------------------------------------------------------------------------------
Test set: TestSuite
-------------------------------------------------------------------------------
Tests run: 1, Failures: 1, Errors: 0, Skipped: 0, Time elapsed: 66.312 sec <<< FAILURE!
signTest(cn.crazy.appium.testcases.LxgTest)  Time elapsed: 11.179 sec  <<< FAILURE!
java.lang.AssertionError: expected [true] but found [<?xml version="1.0" encoding="UTF-8"?><hierarchy rotation="0"><android.widget.FrameLayout index="0" text="" class="android.widget.FrameLayout" package="com.example.lxg" content-desc="" checkable="false" checked="false" clickable="false" enabled="true" focusable="false" focused="false" scrollable="false" long-clickable="false" password="false" selected="false" bounds="[27,705][1053,1289]" resource-id="" instance="0"><android.widget.FrameLayout index="0" text="" class="android.widget.FrameLayout" package="com.example.lxg" content-desc="" checkable="false" checked="false" clickable="false" enabled="true" focusable="false" focused="false" scrollable="false" long-clickable="false" password="false" selected="false" bounds="[27,705][1053,1289]" resource-id="" instance="1"><android.widget.FrameLayout index="0" text="" class="android.widget.FrameLayout" package="com.example.lxg" content-desc="" checkable="false" checked="false" clickable="false" enabled="true" focusable="false" focused="false" scrollable="false" long-clickable="false" password="false" selected="false" bounds="[27,705][1053,1289]" resource-id="android:id/content" instance="2"><android.widget.LinearLayout index="0" text="" class="android.widget.LinearLayout" package="com.example.lxg" content-desc="" checkable="false" checked="false" clickable="false" enabled="true" focusable="false" focused="false" scrollable="false" long-clickable="false" password="false" selected="false" bounds="[51,705][1029,1289]" resource-id="android:id/parentPanel" instance="0"><android.widget.LinearLayout index="0" text="" class="android.widget.LinearLayout" package="com.example.lxg" content-desc="" checkable="false" checked="false" clickable="false" enabled="true" focusable="false" focused="false" scrollable="false" long-clickable="false" password="false" selected="false" bounds="[51,705][1029,927]" resource-id="android:id/topPanel" instance="1"><android.widget.LinearLayout index="0" text="" class="android.widget.LinearLayout" package="com.example.lxg" content-desc="" checkable="false" checked="false" clickable="false" enabled="true" focusable="false" focused="false" scrollable="false" long-clickable="false" password="false" selected="false" bounds="[123,729][957,921]" resource-id="android:id/title_template" instance="2"><android.widget.TextView index="0" text="????" class="android.widget.TextView" package="com.example.lxg" content-desc="" checkable="false" checked="false" clickable="false" enabled="true" focusable="false" focused="false" scrollable="false" long-clickable="false" password="false" selected="false" bounds="[123,781][957,869]" resource-id="android:id/alertTitle" instance="0"/></android.widget.LinearLayout><android.view.View index="1" text="" class="android.view.View" package="com.example.lxg" content-desc="" checkable="false" checked="false" clickable="false" enabled="true" focusable="false" focused="false" scrollable="false" long-clickable="false" password="false" selected="false" bounds="[75,921][1005,927]" resource-id="android:id/titleDivider" instance="0"/></android.widget.LinearLayout><android.widget.LinearLayout index="1" text="" class="android.widget.LinearLayout" package="com.example.lxg" content-desc="" checkable="false" checked="false" clickable="false" enabled="true" focusable="false" focused="false" scrollable="false" long-clickable="false" password="false" selected="false" bounds="[51,927][1029,1119]" resource-id="android:id/contentPanel" instance="3"><android.widget.ScrollView index="0" text="" class="android.widget.ScrollView" package="com.example.lxg" content-desc="" checkable="false" checked="false" clickable="false" enabled="true" focusable="false" focused="false" scrollable="false" long-clickable="false" password="false" selected="false" bounds="[75,927][1005,1048]" resource-id="android:id/scrollView" instance="0"><android.widget.TextView index="0" text="??????" class="android.widget.TextView" package="com.example.lxg" content-desc="" checkable="false" checked="false" clickable="false" enabled="true" focusable="false" focused="false" scrollable="false" long-clickable="false" password="false" selected="false" bounds="[75,927][1005,1048]" resource-id="android:id/message" instance="1"/></android.widget.ScrollView></android.widget.LinearLayout><android.widget.LinearLayout index="2" text="" class="android.widget.LinearLayout" package="com.example.lxg" content-desc="" checkable="false" checked="false" clickable="false" enabled="true" focusable="false" focused="false" scrollable="false" long-clickable="false" password="false" selected="false" bounds="[51,1119][1029,1289]" resource-id="android:id/buttonPanel" instance="4"><android.widget.LinearLayout index="0" text="" class="android.widget.LinearLayout" package="com.example.lxg" content-desc="" checkable="false" checked="false" clickable="false" enabled="true" focusable="false" focused="false" scrollable="false" long-clickable="false" password="false" selected="false" bounds="[75,1121][1005,1265]" resource-id="" instance="5"><android.widget.Button index="0" text="???" class="android.widget.Button" package="com.example.lxg" content-desc="" checkable="false" checked="false" clickable="true" enabled="true" focusable="true" focused="false" scrollable="false" long-clickable="false" password="false" selected="false" bounds="[75,1121][1005,1265]" resource-id="android:id/button1" instance="0"/></android.widget.LinearLayout></android.widget.LinearLayout></android.widget.LinearLayout></android.widget.FrameLayout></android.widget.FrameLayout></android.widget.FrameLayout></hierarchy>Ç©µ½³É¹¦]
	at org.testng.Assert.fail(Assert.java:94)
	at org.testng.Assert.failNotEquals(Assert.java:494)
	at org.testng.Assert.assertEquals(Assert.java:123)
	at org.testng.Assert.assertEquals(Assert.java:165)
	at cn.crazy.appium.testcases.LxgTest.signTest(LxgTest.java:18)

