<?xml version="1.0" encoding="UTF-8" ?>
<testsuite tests="1" failures="1" name="TestSuite" time="11.179" errors="0" skipped="0">
  <properties>
[...]
</properties>
  <testcase classname="cn.crazy.appium.testcases.LxgTest" name="signTest" time="11.179">
    <failure message="expected [true] but found [&lt;?xml version=&quot;1.0&quot; encoding=&quot;UTF-8&quot;?&gt;&lt;hierarchy rotation=&quot;0&quot;&gt;&lt;android.widget.FrameLayout index=&quot;0&quot; text=&quot;&quot; class=&quot;android.widget.FrameLayout&quot; package=&quot;com.example.lxg&quot; content-desc=&quot;&quot; checkable=&quot;false&quot; checked=&quot;false&quot; clickable=&quot;false&quot; enabled=&quot;true&quot; focusable=&quot;false&quot; focused=&quot;false&quot; scrollable=&quot;false&quot; long-clickable=&quot;false&quot; password=&quot;false&quot; selected=&quot;false&quot; bounds=&quot;[27,705][1053,1289]&quot; resource-id=&quot;&quot; instance=&quot;0&quot;&gt;&lt;android.widget.FrameLayout index=&quot;0&quot; text=&quot;&quot; class=&quot;android.widget.FrameLayout&quot; package=&quot;com.example.lxg&quot; content-desc=&quot;&quot; checkable=&quot;false&quot; checked=&quot;false&quot; clickable=&quot;false&quot; enabled=&quot;true&quot; focusable=&quot;false&quot; focused=&quot;false&quot; scrollable=&quot;false&quot; long-clickable=&quot;false&quot; password=&quot;false&quot; selected=&quot;false&quot; bounds=&quot;[27,705][1053,1289]&quot; resource-id=&quot;&quot; instance=&quot;1&quot;&gt;&lt;android.widget.FrameLayout index=&quot;0&quot; text=&quot;&quot; class=&quot;android.widget.FrameLayout&quot; package=&quot;com.example.lxg&quot; content-desc=&quot;&quot; checkable=&quot;false&quot; checked=&quot;false&quot; clickable=&quot;false&quot; enabled=&quot;true&quot; focusable=&quot;false&quot; focused=&quot;false&quot; scrollable=&quot;false&quot; long-clickable=&quot;false&quot; password=&quot;false&quot; selected=&quot;false&quot; bounds=&quot;[27,705][1053,1289]&quot; resource-id=&quot;android:id/content&quot; instance=&quot;2&quot;&gt;&lt;android.widget.LinearLayout index=&quot;0&quot; text=&quot;&quot; class=&quot;android.widget.LinearLayout&quot; package=&quot;com.example.lxg&quot; content-desc=&quot;&quot; checkable=&quot;false&quot; checked=&quot;false&quot; clickable=&quot;false&quot; enabled=&quot;true&quot; focusable=&quot;false&quot; focused=&quot;false&quot; scrollable=&quot;false&quot; long-clickable=&quot;false&quot; password=&quot;false&quot; selected=&quot;false&quot; bounds=&quot;[51,705][1029,1289]&quot; resource-id=&quot;android:id/parentPanel&quot; instance=&quot;0&quot;&gt;&lt;android.widget.LinearLayout index=&quot;0&quot; text=&quot;&quot; class=&quot;android.widget.LinearLayout&quot; package=&quot;com.example.lxg&quot; content-desc=&quot;&quot; checkable=&quot;false&quot; checked=&quot;false&quot; clickable=&quot;false&quot; enabled=&quot;true&quot; focusable=&quot;false&quot; focused=&quot;false&quot; scrollable=&quot;false&quot; long-clickable=&quot;false&quot; password=&quot;false&quot; selected=&quot;false&quot; bounds=&quot;[51,705][1029,927]&quot; resource-id=&quot;android:id/topPanel&quot; instance=&quot;1&quot;&gt;&lt;android.widget.LinearLayout index=&quot;0&quot; text=&quot;&quot; class=&quot;android.widget.LinearLayout&quot; package=&quot;com.example.lxg&quot; content-desc=&quot;&quot; checkable=&quot;false&quot; checked=&quot;false&quot; clickable=&quot;false&quot; enabled=&quot;true&quot; focusable=&quot;false&quot; focused=&quot;false&quot; scrollable=&quot;false&quot; long-clickable=&quot;false&quot; password=&quot;false&quot; selected=&quot;false&quot; bounds=&quot;[123,729][957,921]&quot; resource-id=&quot;android:id/title_template&quot; instance=&quot;2&quot;&gt;&lt;android.widget.TextView index=&quot;0&quot; text=&quot;����&quot; class=&quot;android.widget.TextView&quot; package=&quot;com.example.lxg&quot; content-desc=&quot;&quot; checkable=&quot;false&quot; checked=&quot;false&quot; clickable=&quot;false&quot; enabled=&quot;true&quot; focusable=&quot;false&quot; focused=&quot;false&quot; scrollable=&quot;false&quot; long-clickable=&quot;false&quot; password=&quot;false&quot; selected=&quot;false&quot; bounds=&quot;[123,781][957,869]&quot; resource-id=&quot;android:id/alertTitle&quot; instance=&quot;0&quot;/&gt;&lt;/android.widget.LinearLayout&gt;&lt;android.view.View index=&quot;1&quot; text=&quot;&quot; class=&quot;android.view.View&quot; package=&quot;com.example.lxg&quot; content-desc=&quot;&quot; checkable=&quot;false&quot; checked=&quot;false&quot; clickable=&quot;false&quot; enabled=&quot;true&quot; focusable=&quot;false&quot; focused=&quot;false&quot; scrollable=&quot;false&quot; long-clickable=&quot;false&quot; password=&quot;false&quot; selected=&quot;false&quot; bounds=&quot;[75,921][1005,927]&quot; resource-id=&quot;android:id/titleDivider&quot; instance=&quot;0&quot;/&gt;&lt;/android.widget.LinearLayout&gt;&lt;android.widget.LinearLayout index=&quot;1&quot; text=&quot;&quot; class=&quot;android.widget.LinearLayout&quot; package=&quot;com.example.lxg&quot; content-desc=&quot;&quot; checkable=&quot;false&quot; checked=&quot;false&quot; clickable=&quot;false&quot; enabled=&quot;true&quot; focusable=&quot;false&quot; focused=&quot;false&quot; scrollable=&quot;false&quot; long-clickable=&quot;false&quot; password=&quot;false&quot; selected=&quot;false&quot; bounds=&quot;[51,927][1029,1119]&quot; resource-id=&quot;android:id/contentPanel&quot; instance=&quot;3&quot;&gt;&lt;android.widget.ScrollView index=&quot;0&quot; text=&quot;&quot; class=&quot;android.widget.ScrollView&quot; package=&quot;com.example.lxg&quot; content-desc=&quot;&quot; checkable=&quot;false&quot; checked=&quot;false&quot; clickable=&quot;false&quot; enabled=&quot;true&quot; focusable=&quot;false&quot; focused=&quot;false&quot; scrollable=&quot;false&quot; long-clickable=&quot;false&quot; password=&quot;false&quot; selected=&quot;false&quot; bounds=&quot;[75,927][1005,1048]&quot; resource-id=&quot;android:id/scrollView&quot; instance=&quot;0&quot;&gt;&lt;android.widget.TextView index=&quot;0&quot; text=&quot;ǩ���ɹ�&quot; class=&quot;android.widget.TextView&quot; package=&quot;com.example.lxg&quot; content-desc=&quot;&quot; checkable=&quot;false&quot; checked=&quot;false&quot; clickable=&quot;false&quot; enabled=&quot;true&quot; focusable=&quot;false&quot; focused=&quot;false&quot; scrollable=&quot;false&quot; long-clickable=&quot;false&quot; password=&quot;false&quot; selected=&quot;false&quot; bounds=&quot;[75,927][1005,1048]&quot; resource-id=&quot;android:id/message&quot; instance=&quot;1&quot;/&gt;&lt;/android.widget.ScrollView&gt;&lt;/android.widget.LinearLayout&gt;&lt;android.widget.LinearLayout index=&quot;2&quot; text=&quot;&quot; class=&quot;android.widget.LinearLayout&quot; package=&quot;com.example.lxg&quot; content-desc=&quot;&quot; checkable=&quot;false&quot; checked=&quot;false&quot; clickable=&quot;false&quot; enabled=&quot;true&quot; focusable=&quot;false&quot; focused=&quot;false&quot; scrollable=&quot;false&quot; long-clickable=&quot;false&quot; password=&quot;false&quot; selected=&quot;false&quot; bounds=&quot;[51,1119][1029,1289]&quot; resource-id=&quot;android:id/buttonPanel&quot; instance=&quot;4&quot;&gt;&lt;android.widget.LinearLayout index=&quot;0&quot; text=&quot;&quot; class=&quot;android.widget.LinearLayout&quot; package=&quot;com.example.lxg&quot; content-desc=&quot;&quot; checkable=&quot;false&quot; checked=&quot;false&quot; clickable=&quot;false&quot; enabled=&quot;true&quot; focusable=&quot;false&quot; focused=&quot;false&quot; scrollable=&quot;false&quot; long-clickable=&quot;false&quot; password=&quot;false&quot; selected=&quot;false&quot; bounds=&quot;[75,1121][1005,1265]&quot; resource-id=&quot;&quot; instance=&quot;5&quot;&gt;&lt;android.widget.Button index=&quot;0&quot; text=&quot;ȷ��&quot; class=&quot;android.widget.Button&quot; package=&quot;com.example.lxg&quot; content-desc=&quot;&quot; checkable=&quot;false&quot; checked=&quot;false&quot; clickable=&quot;true&quot; enabled=&quot;true&quot; focusable=&quot;true&quot; focused=&quot;false&quot; scrollable=&quot;false&quot; long-clickable=&quot;false&quot; password=&quot;false&quot; selected=&quot;false&quot; bounds=&quot;[75,1121][1005,1265]&quot; resource-id=&quot;android:id/button1&quot; instance=&quot;0&quot;/&gt;&lt;/android.widget.LinearLayout&gt;&lt;/android.widget.LinearLayout&gt;&lt;/android.widget.LinearLayout&gt;&lt;/android.widget.FrameLayout&gt;&lt;/android.widget.FrameLayout&gt;&lt;/android.widget.FrameLayout&gt;&lt;/hierarchy&gt;签到成功]" type="java.lang.AssertionError">java.lang.AssertionError: expected [true] but found [&lt;?xml version=&quot;1.0&quot; encoding=&quot;UTF-8&quot;?&gt;&lt;hierarchy rotation=&quot;0&quot;&gt;&lt;android.widget.FrameLayout index=&quot;0&quot; text=&quot;&quot; class=&quot;android.widget.FrameLayout&quot; package=&quot;com.example.lxg&quot; content-desc=&quot;&quot; checkable=&quot;false&quot; checked=&quot;false&quot; clickable=&quot;false&quot; enabled=&quot;true&quot; focusable=&quot;false&quot; focused=&quot;false&quot; scrollable=&quot;false&quot; long-clickable=&quot;false&quot; password=&quot;false&quot; selected=&quot;false&quot; bounds=&quot;[27,705][1053,1289]&quot; resource-id=&quot;&quot; instance=&quot;0&quot;&gt;&lt;android.widget.FrameLayout index=&quot;0&quot; text=&quot;&quot; class=&quot;android.widget.FrameLayout&quot; package=&quot;com.example.lxg&quot; content-desc=&quot;&quot; checkable=&quot;false&quot; checked=&quot;false&quot; clickable=&quot;false&quot; enabled=&quot;true&quot; focusable=&quot;false&quot; focused=&quot;false&quot; scrollable=&quot;false&quot; long-clickable=&quot;false&quot; password=&quot;false&quot; selected=&quot;false&quot; bounds=&quot;[27,705][1053,1289]&quot; resource-id=&quot;&quot; instance=&quot;1&quot;&gt;&lt;android.widget.FrameLayout index=&quot;0&quot; text=&quot;&quot; class=&quot;android.widget.FrameLayout&quot; package=&quot;com.example.lxg&quot; content-desc=&quot;&quot; checkable=&quot;false&quot; checked=&quot;false&quot; clickable=&quot;false&quot; enabled=&quot;true&quot; focusable=&quot;false&quot; focused=&quot;false&quot; scrollable=&quot;false&quot; long-clickable=&quot;false&quot; password=&quot;false&quot; selected=&quot;false&quot; bounds=&quot;[27,705][1053,1289]&quot; resource-id=&quot;android:id/content&quot; instance=&quot;2&quot;&gt;&lt;android.widget.LinearLayout index=&quot;0&quot; text=&quot;&quot; class=&quot;android.widget.LinearLayout&quot; package=&quot;com.example.lxg&quot; content-desc=&quot;&quot; checkable=&quot;false&quot; checked=&quot;false&quot; clickable=&quot;false&quot; enabled=&quot;true&quot; focusable=&quot;false&quot; focused=&quot;false&quot; scrollable=&quot;false&quot; long-clickable=&quot;false&quot; password=&quot;false&quot; selected=&quot;false&quot; bounds=&quot;[51,705][1029,1289]&quot; resource-id=&quot;android:id/parentPanel&quot; instance=&quot;0&quot;&gt;&lt;android.widget.LinearLayout index=&quot;0&quot; text=&quot;&quot; class=&quot;android.widget.LinearLayout&quot; package=&quot;com.example.lxg&quot; content-desc=&quot;&quot; checkable=&quot;false&quot; checked=&quot;false&quot; clickable=&quot;false&quot; enabled=&quot;true&quot; focusable=&quot;false&quot; focused=&quot;false&quot; scrollable=&quot;false&quot; long-clickable=&quot;false&quot; password=&quot;false&quot; selected=&quot;false&quot; bounds=&quot;[51,705][1029,927]&quot; resource-id=&quot;android:id/topPanel&quot; instance=&quot;1&quot;&gt;&lt;android.widget.LinearLayout index=&quot;0&quot; text=&quot;&quot; class=&quot;android.widget.LinearLayout&quot; package=&quot;com.example.lxg&quot; content-desc=&quot;&quot; checkable=&quot;false&quot; checked=&quot;false&quot; clickable=&quot;false&quot; enabled=&quot;true&quot; focusable=&quot;false&quot; focused=&quot;false&quot; scrollable=&quot;false&quot; long-clickable=&quot;false&quot; password=&quot;false&quot; selected=&quot;false&quot; bounds=&quot;[123,729][957,921]&quot; resource-id=&quot;android:id/title_template&quot; instance=&quot;2&quot;&gt;&lt;android.widget.TextView index=&quot;0&quot; text=&quot;����&quot; class=&quot;android.widget.TextView&quot; package=&quot;com.example.lxg&quot; content-desc=&quot;&quot; checkable=&quot;false&quot; checked=&quot;false&quot; clickable=&quot;false&quot; enabled=&quot;true&quot; focusable=&quot;false&quot; focused=&quot;false&quot; scrollable=&quot;false&quot; long-clickable=&quot;false&quot; password=&quot;false&quot; selected=&quot;false&quot; bounds=&quot;[123,781][957,869]&quot; resource-id=&quot;android:id/alertTitle&quot; instance=&quot;0&quot;/&gt;&lt;/android.widget.LinearLayout&gt;&lt;android.view.View index=&quot;1&quot; text=&quot;&quot; class=&quot;android.view.View&quot; package=&quot;com.example.lxg&quot; content-desc=&quot;&quot; checkable=&quot;false&quot; checked=&quot;false&quot; clickable=&quot;false&quot; enabled=&quot;true&quot; focusable=&quot;false&quot; focused=&quot;false&quot; scrollable=&quot;false&quot; long-clickable=&quot;false&quot; password=&quot;false&quot; selected=&quot;false&quot; bounds=&quot;[75,921][1005,927]&quot; resource-id=&quot;android:id/titleDivider&quot; instance=&quot;0&quot;/&gt;&lt;/android.widget.LinearLayout&gt;&lt;android.widget.LinearLayout index=&quot;1&quot; text=&quot;&quot; class=&quot;android.widget.LinearLayout&quot; package=&quot;com.example.lxg&quot; content-desc=&quot;&quot; checkable=&quot;false&quot; checked=&quot;false&quot; clickable=&quot;false&quot; enabled=&quot;true&quot; focusable=&quot;false&quot; focused=&quot;false&quot; scrollable=&quot;false&quot; long-clickable=&quot;false&quot; password=&quot;false&quot; selected=&quot;false&quot; bounds=&quot;[51,927][1029,1119]&quot; resource-id=&quot;android:id/contentPanel&quot; instance=&quot;3&quot;&gt;&lt;android.widget.ScrollView index=&quot;0&quot; text=&quot;&quot; class=&quot;android.widget.ScrollView&quot; package=&quot;com.example.lxg&quot; content-desc=&quot;&quot; checkable=&quot;false&quot; checked=&quot;false&quot; clickable=&quot;false&quot; enabled=&quot;true&quot; focusable=&quot;false&quot; focused=&quot;false&quot; scrollable=&quot;false&quot; long-clickable=&quot;false&quot; password=&quot;false&quot; selected=&quot;false&quot; bounds=&quot;[75,927][1005,1048]&quot; resource-id=&quot;android:id/scrollView&quot; instance=&quot;0&quot;&gt;&lt;android.widget.TextView index=&quot;0&quot; text=&quot;ǩ���ɹ�&quot; class=&quot;android.widget.TextView&quot; package=&quot;com.example.lxg&quot; content-desc=&quot;&quot; checkable=&quot;false&quot; checked=&quot;false&quot; clickable=&quot;false&quot; enabled=&quot;true&quot; focusable=&quot;false&quot; focused=&quot;false&quot; scrollable=&quot;false&quot; long-clickable=&quot;false&quot; password=&quot;false&quot; selected=&quot;false&quot; bounds=&quot;[75,927][1005,1048]&quot; resource-id=&quot;android:id/message&quot; instance=&quot;1&quot;/&gt;&lt;/android.widget.ScrollView&gt;&lt;/android.widget.LinearLayout&gt;&lt;android.widget.LinearLayout index=&quot;2&quot; text=&quot;&quot; class=&quot;android.widget.LinearLayout&quot; package=&quot;com.example.lxg&quot; content-desc=&quot;&quot; checkable=&quot;false&quot; checked=&quot;false&quot; clickable=&quot;false&quot; enabled=&quot;true&quot; focusable=&quot;false&quot; focused=&quot;false&quot; scrollable=&quot;false&quot; long-clickable=&quot;false&quot; password=&quot;false&quot; selected=&quot;false&quot; bounds=&quot;[51,1119][1029,1289]&quot; resource-id=&quot;android:id/buttonPanel&quot; instance=&quot;4&quot;&gt;&lt;android.widget.LinearLayout index=&quot;0&quot; text=&quot;&quot; class=&quot;android.widget.LinearLayout&quot; package=&quot;com.example.lxg&quot; content-desc=&quot;&quot; checkable=&quot;false&quot; checked=&quot;false&quot; clickable=&quot;false&quot; enabled=&quot;true&quot; focusable=&quot;false&quot; focused=&quot;false&quot; scrollable=&quot;false&quot; long-clickable=&quot;false&quot; password=&quot;false&quot; selected=&quot;false&quot; bounds=&quot;[75,1121][1005,1265]&quot; resource-id=&quot;&quot; instance=&quot;5&quot;&gt;&lt;android.widget.Button index=&quot;0&quot; text=&quot;ȷ��&quot; class=&quot;android.widget.Button&quot; package=&quot;com.example.lxg&quot; content-desc=&quot;&quot; checkable=&quot;false&quot; checked=&quot;false&quot; clickable=&quot;true&quot; enabled=&quot;true&quot; focusable=&quot;true&quot; focused=&quot;false&quot; scrollable=&quot;false&quot; long-clickable=&quot;false&quot; password=&quot;false&quot; selected=&quot;false&quot; bounds=&quot;[75,1121][1005,1265]&quot; resource-id=&quot;android:id/button1&quot; instance=&quot;0&quot;/&gt;&lt;/android.widget.LinearLayout&gt;&lt;/android.widget.LinearLayout&gt;&lt;/android.widget.LinearLayout&gt;&lt;/android.widget.FrameLayout&gt;&lt;/android.widget.FrameLayout&gt;&lt;/android.widget.FrameLayout&gt;&lt;/hierarchy&gt;签到成功]
	at org.testng.Assert.fail(Assert.java:94)
	at org.testng.Assert.failNotEquals(Assert.java:494)
	at org.testng.Assert.assertEquals(Assert.java:123)
	at org.testng.Assert.assertEquals(Assert.java:165)
	at cn.crazy.appium.testcases.LxgTest.signTest(LxgTest.java:18)
</failure>
    <system-out>执行完成
appium -p 4490 -bp 2242 -U 192.168.56.101:5555&gt;E:\gloryroadwork\CrazyAppium\logs\192.168.56.101.log
执行完成
设备数量1
读到的udid是：192.168.56.101:5555读到的port是：4490
adb -s 192.168.56.101:5555 shell &quot;settings get secure default_input_method&quot;
连接192.168.56.101:5555端口4490
执行测试testtest
获取的定位类型：id	 获取的定位表达式com.example.lxg:id/editText1
获取的定位类型：id	 获取的定位表达式com.example.lxg:id/editText2
获取的定位类型：name	 获取的定位表达式签到
</system-out>
  </testcase>
</testsuite>